<?xml version="1.0" encoding="UTF-8"?>
<testsuite xmlns:xsi="http://www.w3.org/2001/XMLSchema-instance" xsi:noNamespaceSchemaLocation="https://maven.apache.org/surefire/maven-surefire-plugin/xsd/surefire-test-report.xsd" name="com.example.AppTest" time="0.07" tests="9" errors="0" skipped="0" failures="0">
  <properties>
    <property name="java.specification.version" value="17"/>
    <property name="sun.cpu.isalist" value="amd64"/>
    <property name="sun.jnu.encoding" value="Cp1252"/>
    <property name="java.class.path" value="E:\Documents\java_codes\networkOfTasks\demo\target\test-classes;E:\Documents\java_codes\networkOfTasks\demo\target\classes;C:\Users\Rafno\.m2\repository\junit\junit\4.11\junit-4.11.jar;C:\Users\Rafno\.m2\repository\org\hamcrest\hamcrest-core\1.3\hamcrest-core-1.3.jar;C:\Users\Rafno\.m2\repository\org\json\json\20231013\json-20231013.jar;C:\Users\Rafno\.m2\repository\com\googlecode\json-simple\json-simple\1.1.1\json-simple-1.1.1.jar;"/>
    <property name="java.vm.vendor" value="Oracle Corporation"/>
    <property name="sun.arch.data.model" value="64"/>
    <property name="user.variant" value=""/>
    <property name="java.vendor.url" value="https://java.oracle.com/"/>
    <property name="user.timezone" value="Asia/Tehran"/>
    <property name="os.name" value="Windows 11"/>
    <property name="java.vm.specification.version" value="17"/>
    <property name="sun.java.launcher" value="SUN_STANDARD"/>
    <property name="user.country" value="US"/>
    <property name="sun.boot.library.path" value="C:\Program Files\Java\jdk-17\bin"/>
    <property name="sun.java.command" value="C:\Users\Rafno\AppData\Local\Temp\surefire12556654145137422795\surefirebooter183445719517848691.jar C:\Users\Rafno\AppData\Local\Temp\surefire12556654145137422795 2024-03-10T12-54-10_341-jvmRun1 surefire14151771092784424992tmp surefire_07186311273141854100tmp"/>
    <property name="jdk.debug" value="release"/>
    <property name="surefire.test.class.path" value="E:\Documents\java_codes\networkOfTasks\demo\target\test-classes;E:\Documents\java_codes\networkOfTasks\demo\target\classes;C:\Users\Rafno\.m2\repository\junit\junit\4.11\junit-4.11.jar;C:\Users\Rafno\.m2\repository\org\hamcrest\hamcrest-core\1.3\hamcrest-core-1.3.jar;C:\Users\Rafno\.m2\repository\org\json\json\20231013\json-20231013.jar;C:\Users\Rafno\.m2\repository\com\googlecode\json-simple\json-simple\1.1.1\json-simple-1.1.1.jar;"/>
    <property name="sun.cpu.endian" value="little"/>
    <property name="user.home" value="C:\Users\Rafno"/>
    <property name="user.language" value="en"/>
    <property name="java.specification.vendor" value="Oracle Corporation"/>
    <property name="java.version.date" value="2024-01-16"/>
    <property name="java.home" value="C:\Program Files\Java\jdk-17"/>
    <property name="file.separator" value="\"/>
    <property name="style.color" value="always"/>
    <property name="basedir" value="E:\Documents\java_codes\networkOfTasks\demo"/>
    <property name="java.vm.compressedOopsMode" value="32-bit"/>
    <property name="line.separator" value="&#10;"/>
    <property name="java.vm.specification.vendor" value="Oracle Corporation"/>
    <property name="java.specification.name" value="Java Platform API Specification"/>
    <property name="surefire.real.class.path" value="C:\Users\Rafno\AppData\Local\Temp\surefire12556654145137422795\surefirebooter183445719517848691.jar"/>
    <property name="user.script" value=""/>
    <property name="sun.management.compiler" value="HotSpot 64-Bit Tiered Compilers"/>
    <property name="java.runtime.version" value="17.0.10+11-LTS-240"/>
    <property name="user.name" value="Reza"/>
    <property name="path.separator" value=";"/>
    <property name="os.version" value="10.0"/>
    <property name="java.runtime.name" value="Java(TM) SE Runtime Environment"/>
    <property name="file.encoding" value="Cp1252"/>
    <property name="java.vm.name" value="Java HotSpot(TM) 64-Bit Server VM"/>
    <property name="localRepository" value="C:\Users\Rafno\.m2\repository"/>
    <property name="java.vendor.url.bug" value="https://bugreport.java.com/bugreport/"/>
    <property name="java.io.tmpdir" value="C:\Users\Rafno\AppData\Local\Temp\"/>
    <property name="java.version" value="17.0.10"/>
    <property name="user.dir" value="E:\Documents\java_codes\networkOfTasks\demo"/>
    <property name="os.arch" value="amd64"/>
    <property name="java.vm.specification.name" value="Java Virtual Machine Specification"/>
    <property name="sun.os.patch.level" value=""/>
    <property name="native.encoding" value="Cp1252"/>
    <property name="java.library.path" value="C:\Program Files\Java\jdk-17\bin;C:\WINDOWS\Sun\Java\bin;C:\WINDOWS\system32;C:\WINDOWS;C:/Program Files/Java/jdk-17/bin/server;C:/Program Files/Java/jdk-17/bin;C:\Program Files\Java\jdk-17\bin;C:\Program Files\Common Files\Oracle\Java\javapath;C:\ActiveTcl\bin;C:\Perl64\site\bin;C:\Perl64\bin;C:\WINDOWS\system32;C:\WINDOWS;C:\WINDOWS\System32\Wbem;C:\WINDOWS\System32\WindowsPowerShell\v1.0\;C:\WINDOWS\System32\OpenSSH\;D:\Microsoft VS Code\bin;C:\Program Files\Docker\Docker\resources\bin;C:\ProgramData\DockerDesktop\version-bin;C:\cygwin64\bin;E:\Downloads\Compressed\Afra-win32.win32.x86_64_2;C:\MinGW\bin;D:\Programs\Spin;C:\cygwin32\bin;D:\Programs\Git\cmd;C:\Program Files\dotnet\;C:\Program Files\Maven\apache-maven-3.9.3\bin;C:\Program Files\Cloudflare\Cloudflare WARP\;C:\Program Files\Java\jdk-17\bin;C:\Program Files\Common Files\Oracle\Java\javapath;C:\ActiveTcl\bin;C:\Perl64\site\bin;C:\Perl64\bin;C:\WINDOWS\system32;C:\WINDOWS;C:\WINDOWS\System32\Wbem;C:\WINDOWS\System32\WindowsPowerShell\v1.0\;C:\WINDOWS\System32\OpenSSH\;D:\Microsoft VS Code\bin;C:\Program Files\Docker\Docker\resources\bin;C:\ProgramData\DockerDesktop\version-bin;C:\cygwin64\bin;E:\Downloads\Compressed\Afra-win32.win32.x86_64_2;C:\MinGW\bin;D:\Programs\Spin;C:\cygwin32\bin;D:\Programs\Git\cmd;C:\Program Files\dotnet\;C:\Program Files\Maven\apache-maven-3.9.3\bin;C:\Program Files\Cloudflare\Cloudflare WARP\;C:\Program Files\Java\jdk-17\bin;C:\Program Files\Common Files\Oracle\Java\javapath;C:\ActiveTcl\bin;C:\Perl64\site\bin;C:\Perl64\bin;C:\WINDOWS\system32;C:\WINDOWS;C:\WINDOWS\System32\Wbem;C:\WINDOWS\System32\WindowsPowerShell\v1.0\;C:\WINDOWS\System32\OpenSSH\;D:\Microsoft VS Code\bin;C:\Program Files\Docker\Docker\resources\bin;C:\ProgramData\DockerDesktop\version-bin;C:\cygwin64\bin;E:\Downloads\Compressed\Afra-win32.win32.x86_64_2;C:\MinGW\bin;D:\Programs\Spin;C:\cygwin32\bin;D:\Programs\Git\cmd;C:\Program Files\dotnet\;C:\Program Files\Maven\apache-maven-3.9.3\bin;C:\Program Files\Cloudflare\Cloudflare WARP\;C:\WINDOWS\System32;C:\Program Files\Java\jdk-17;;C:\Program Files\Java\jdk-17;;C:\Program Files\Java\jdk-17;C:\Users\Rafno\AppData\Local\Launcher\app-0.1.156;C:\Program Files\MySQL\MySQL Shell 8.0\bin\;C:\Users\Rafno\AppData\Local\Programs\Python\Python39\Scripts\;C:\Users\Rafno\AppData\Local\Programs\Python\Python39\;C:\Users\Rafno\AppData\Local\Microsoft\WindowsApps;D:\Programs\texlive\2021\bin\win32;C:\cygwin64\bin;D:\Programs\IntelliJ IDEA 2022.2\bin;D:\Programs\flutter\bin;;D:\Programs\IntelliJ IDEA 2022.2\bin;;C:\WINDOWS\System32;;."/>
    <property name="java.vm.info" value="mixed mode, sharing"/>
    <property name="java.vendor" value="Oracle Corporation"/>
    <property name="java.vm.version" value="17.0.10+11-LTS-240"/>
    <property name="sun.io.unicode.encoding" value="UnicodeLittle"/>
    <property name="java.class.version" value="61.0"/>
  </properties>
  <testcase name="testCopyQueue" classname="com.example.AppTest" time="0.011"/>
  <testcase name="testBooleans" classname="com.example.AppTest" time="0"/>
  <testcase name="shouldAnswerWithTrue" classname="com.example.AppTest" time="0"/>
  <testcase name="testSet" classname="com.example.AppTest" time="0.002"/>
  <testcase name="testIntegerCompare" classname="com.example.AppTest" time="0"/>
  <testcase name="testMoode" classname="com.example.AppTest" time="0.001"/>
  <testcase name="testComputeFunction" classname="com.example.AppTest" time="0.001"/>
  <testcase name="testKeySet" classname="com.example.AppTest" time="0.002"/>
  <testcase name="testNullMap" classname="com.example.AppTest" time="0.001"/>
</testsuite>